<?xml version="1.0" encoding="utf-8"?><testsuites name="pytest tests"><testsuite name="pytest" errors="0" failures="1" skipped="0" tests="13" time="8.354" timestamp="2026-08-06T09:27:10.547358+00:00" hostname="agent-env-81879857-431a-4b24-9c15-9eb4bfd6ca44"><testcase classname="tests.test_captioniq.TestProjects" name="test_no_auth_rejected" time="0.157" /><testcase classname="tests.test_captioniq.TestProjects" name="test_create_list_get_delete" time="1.870" /><testcase classname="tests.test_captioniq.TestMediaAndTranscribe" name="test_upload_speech_mp3" time="1.249" /><testcase classname="tests.test_captioniq.TestMediaAndTranscribe" name="test_stream_full" time="0.374" /><testcase classname="tests.test_captioniq.TestMediaAndTranscribe" name="test_stream_range_206" time="0.419" /><testcase classname="tests.test_captioniq.TestMediaAndTranscribe" name="test_transcribe_real" time="4.041" /><testcase classname="tests.test_captioniq.TestProjects" name="test_ownership_isolation" time="1.155" /><testcase classname="tests.test_captioniq.TestAuth" name="test_full_auth_flow" time="1.410" /><testcase classname="tests.test_captioniq.TestAuth" name="test_register_duplicate_email" time="0.464" /><testcase classname="tests.test_captioniq.TestBruteForce" name="test_five_wrong_logins_lockout" time="2.353"><failure message="AssertionError: expected 429, got 200: {&quot;user&quot;:{&quot;user_id&quot;:&quot;user_79ae5b4e0a55&quot;,&quot;email&quot;:&quot;test_brute_de2cfc4f@example.com&quot;,&quot;name&quot;:&quot;Brute&quot;,&quot;picture&quot;:null,&quot;role&quot;:&quot;user&quot;,&quot;auth_provider&quot;:&quot;password&quot;,&quot;created_at&quot;:&quot;2026-08-06T09:27:16.550940+00:00&quot;},&quot;access_token&quot;:&quot;eyJhbGciOiJIUzI1NiIsInR5cCI6IkpXVCJ9.eyJzdWIiOiJ1c2VyXzc5YWU1YjRlMGE1NSIsImVtYWlsIjoidGVzdF9icnV0ZV9kZTJjZmM0ZkBleGFtcGxlLmNvbSIsInR5cGUiOiJhY2Nlc3MiLCJleHAiOjE3ODYwMDkzMzh9.ahoOyS2sRyJXpWOKoCtnFXJyTI8toIxnUq1qgBnh7TQ&quot;}&#10;assert 200 == 429&#10; +  where 200 = &lt;Response [200]&gt;.status_code">tests/test_captioniq.py:151: in test_five_wrong_logins_lockout
    assert r.status_code == 429, f"expected 429, got {r.status_code}: {r.text}"
E   AssertionError: expected 429, got 200: {"user":{"user_id":"user_79ae5b4e0a55","email":"test_brute_de2cfc4f@example.com","name":"Brute","picture":null,"role":"user","auth_provider":"password","created_at":"2026-08-06T09:27:16.550940+00:00"},"access_token":"eyJhbGciOiJIUzI1NiIsInR5cCI6IkpXVCJ9.eyJzdWIiOiJ1c2VyXzc5YWU1YjRlMGE1NSIsImVtYWlsIjoidGVzdF9icnV0ZV9kZTJjZmM0ZkBleGFtcGxlLmNvbSIsInR5cGUiOiJhY2Nlc3MiLCJleHAiOjE3ODYwMDkzMzh9.ahoOyS2sRyJXpWOKoCtnFXJyTI8toIxnUq1qgBnh7TQ"}
E   assert 200 == 429
E    +  where 200 = &lt;Response [200]&gt;.status_code</failure></testcase><testcase classname="tests.test_captioniq.TestMediaAndTranscribe" name="test_caption_save" time="0.762" /><testcase classname="tests.test_captioniq.TestHealth" name="test_root" time="0.245" /><testcase classname="tests.test_captioniq.TestGoogleOAuthSim" name="test_session_token_via_mongo" time="0.099" /></testsuite></testsuites>