<?xml version="1.0" encoding="utf-8"?><testsuites name="pytest tests"><testsuite name="pytest" errors="0" failures="0" skipped="0" tests="4" time="6.193" timestamp="2026-08-06T06:38:50.589439+00:00" hostname="agent-env-81879857-431a-4b24-9c15-9eb4bfd6ca44"><testcase classname="tests.test_captioniq.TestHealth" name="test_root" time="0.202" /><testcase classname="tests.test_captioniq.TestTranscribe" name="test_transcribe_real_speech" time="4.953" /><testcase classname="tests.test_captioniq.TestTranscribe" name="test_entity_tagging_populates" time="0.000" /><testcase classname="tests.test_captioniq.TestTranscribe" name="test_transcribe_rejects_oversize" time="0.721" /></testsuite></testsuites>