<?xml version="1.0" encoding="utf-8"?><testsuites name="pytest tests"><testsuite name="pytest" errors="0" failures="1" skipped="0" tests="21" time="5.067" timestamp="2026-08-07T11:10:02.652406+00:00" hostname="agent-env-db15ce9c-9906-401c-9277-46fe48bfa632"><testcase classname="tests.test_iteration8_comprehensive.TestPortraitProject" name="test_project_loads" time="1.156" /><testcase classname="tests.test_iteration8_comprehensive.TestSRTExport" name="test_srt_status_200" time="1.286" /><testcase classname="tests.test_iteration8_comprehensive.TestPortraitProject" name="test_project_has_caption_document" time="0.159" /><testcase classname="tests.test_iteration8_comprehensive.TestSRTExport" name="test_srt_content_type" time="0.173"><failure message="AssertionError: Unexpected content-type: application/x-subrip&#10;assert ('text' in 'application/x-subrip' or 'srt' in 'application/x-subrip' or 'octet' in 'application/x-subrip')">backend/tests/test_iteration8_comprehensive.py:144: in test_srt_content_type
    assert "text" in ct or "srt" in ct or "octet" in ct, f"Unexpected content-type: {ct}"
E   AssertionError: Unexpected content-type: application/x-subrip
E   assert ('text' in 'application/x-subrip' or 'srt' in 'application/x-subrip' or 'octet' in 'application/x-subrip')</failure></testcase><testcase classname="tests.test_iteration8_comprehensive.TestPortraitProject" name="test_project_has_14_words" time="0.175" /><testcase classname="tests.test_iteration8_comprehensive.TestPortraitProject" name="test_project_word_timings" time="0.181" /><testcase classname="tests.test_iteration8_comprehensive.TestSRTExport" name="test_srt_has_two_blocks" time="0.165" /><testcase classname="tests.test_iteration8_comprehensive.TestVTTExport" name="test_vtt_status_200" time="0.174" /><testcase classname="tests.test_iteration8_comprehensive.TestSRTExport" name="test_srt_block_numbering" time="0.189" /><testcase classname="tests.test_iteration8_comprehensive.TestVTTExport" name="test_vtt_has_webvtt_header" time="0.149" /><testcase classname="tests.test_iteration8_comprehensive.TestSRTExport" name="test_srt_first_block_timing" time="0.158" /><testcase classname="tests.test_iteration8_comprehensive.TestVTTExport" name="test_vtt_has_two_blocks" time="0.180" /><testcase classname="tests.test_iteration8_comprehensive.TestSRTExport" name="test_srt_second_block_timing" time="0.147" /><testcase classname="tests.test_iteration8_comprehensive.TestVTTExport" name="test_vtt_first_block_starts_at_zero" time="0.148" /><testcase classname="tests.test_iteration8_comprehensive.TestWordEdit" name="test_find_amazing_word" time="0.152" /><testcase classname="tests.test_iteration8_comprehensive.TestAuth" name="test_login_success" time="0.538" /><testcase classname="tests.test_iteration8_comprehensive.TestWordEdit" name="test_update_word_amazing_to_fantastic" time="0.778" /><testcase classname="tests.test_iteration8_comprehensive.TestAuth" name="test_me_endpoint" time="0.135" /><testcase classname="tests.test_iteration8_comprehensive.TestLandscapeProject" name="test_landscape_project_loads" time="0.143" /><testcase classname="tests.test_iteration8_comprehensive.TestLandscapeProject" name="test_landscape_project_has_no_captions" time="0.175" /><testcase classname="tests.test_iteration8_comprehensive.TestWordEdit" name="test_restore_word_back_to_amazing" time="0.363" /></testsuite></testsuites>